<?xml version="1.0" encoding="UTF-8"?>
<Site BuildName="Linux-clang++"
	BuildStamp="20220418-0852-Experimental"
	Name="apatec-System-Product-Name"
	Generator="ctest-3.22.3"
	CompilerName="/usr/bin/clang++"
	CompilerVersion="10.0.0"
	OSName="Linux"
	Hostname="apatec-System-Product-Name"
	OSRelease="5.13.0-39-generic"
	OSVersion="#44~20.04.1-Ubuntu SMP Thu Mar 24 16:43:35 UTC 2022"
	OSPlatform="x86_64"
	Is64Bits="1"
	VendorString="AuthenticAMD"
	VendorID="Advanced Micro Devices"
	FamilyID="16"
	ModelID="10"
	ProcessorCacheSize="512"
	NumberOfLogicalCPU="6"
	NumberOfPhysicalCPU="6"
	TotalVirtualMemory="2047"
	TotalPhysicalMemory="7634"
	LogicalProcessorsPerPhysical="1"
	ProcessorClockFrequency="800"
	>
	<Testing>
		<StartDateTime>Apr 18 13:22 +0430</StartDateTime>
		<StartTestTime>1650271966</StartTestTime>
		<TestList/>
		<EndDateTime>Apr 18 13:22 +0430</EndDateTime>
		<EndTestTime>1650271966</EndTestTime>
		<ElapsedMinutes>0</ElapsedMinutes>
	</Testing>
</Site>
